<?xml version="1.0" encoding="UTF-8"?>
<!-- Generated by org.testng.reporters.JUnitReportReporter -->
<testsuite hostname="Gautam" failures="0" tests="2" name="qaclickacademy.Mavenjava.AppiumTest" time="0.024" errors="0" timestamp="2021-04-02T00:04:36 IST" skipped="0">
  <testcase classname="qaclickacademy.Mavenjava.AppiumTest" name="nativeAppAndroid" time="0.004"/>
  <system-out/>
  <testcase classname="qaclickacademy.Mavenjava.AppiumTest" name="IOSApps" time="0.020"/>
  <system-out/>
</testsuite> <!-- qaclickacademy.Mavenjava.AppiumTest -->
